TN:
SF:/Users/noah/apps/manyblackdots/src/lib/collision.js
FN:5,onSegment
FN:12,orientation
FN:21,getIntersection
FN:46,intersects
FNF:4
FNH:4
FNDA:4,onSegment
FNDA:12,orientation
FNDA:1,getIntersection
FNDA:3,intersects
DA:1,1
DA:2,1
DA:3,1
DA:6,4
DA:15,12
DA:18,12
DA:22,1
DA:23,1
DA:24,0
DA:26,1
DA:27,1
DA:28,1
DA:29,1
DA:30,1
DA:32,1
DA:49,3
DA:50,3
DA:51,3
DA:52,3
DA:54,3
DA:66,1
DA:69,2
LF:22
LH:21
BRDA:6,0,0,4
BRDA:6,0,1,2
BRDA:6,0,2,0
BRDA:6,0,3,0
BRDA:18,1,0,4
BRDA:18,1,1,8
BRDA:18,2,0,4
BRDA:18,2,1,4
BRDA:23,3,0,0
BRDA:23,3,1,1
BRDA:54,4,0,1
BRDA:54,4,1,2
BRDA:56,5,0,3
BRDA:56,5,1,1
BRDA:56,5,2,2
BRDA:56,5,3,1
BRDA:56,5,4,2
BRDA:56,5,5,1
BRDA:56,5,6,2
BRDA:56,5,7,1
BRDA:56,5,8,2
BRDA:56,5,9,1
BRF:22
BRH:19
end_of_record
TN:
SF:/Users/noah/apps/manyblackdots/src/App.vue
FNF:0
FNH:0
LF:0
LH:0
BRF:0
BRH:0
end_of_record
TN:
SF:/Users/noah/apps/manyblackdots/src/components/Game.vue
FN:35,mapWorker
FN:38,(anonymous_1)
FN:39,(anonymous_2)
FN:103,(anonymous_3)
FN:107,(anonymous_4)
FN:110,(anonymous_5)
FN:120,(anonymous_6)
FN:126,(anonymous_7)
FNF:8
FNH:2
FNDA:1,mapWorker
FNDA:2,(anonymous_1)
FNDA:0,(anonymous_2)
FNDA:0,(anonymous_3)
FNDA:0,(anonymous_4)
FNDA:0,(anonymous_5)
FNDA:0,(anonymous_6)
FNDA:0,(anonymous_7)
DA:32,1
DA:33,1
DA:36,1
DA:38,1
DA:39,2
DA:40,0
DA:44,1
DA:49,0
DA:71,0
DA:78,0
DA:86,0
DA:91,0
DA:95,0
DA:97,0
DA:99,0
DA:100,0
DA:102,0
DA:103,0
DA:106,0
DA:107,0
DA:110,0
DA:111,0
DA:113,0
DA:114,0
DA:115,0
DA:116,0
DA:120,0
DA:121,0
DA:122,0
DA:123,0
DA:126,0
DA:127,0
DA:128,0
DA:129,0
DA:130,0
DA:140,0
DA:141,0
DA:145,0
DA:146,0
DA:148,0
DA:149,0
DA:152,0
DA:153,0
DA:156,0
DA:157,0
DA:158,0
DA:160,0
DA:165,0
DA:169,0
DA:170,0
DA:171,0
DA:172,0
LF:52
LH:6
BRDA:113,0,0,0
BRDA:113,0,1,0
BRDA:113,1,0,0
BRDA:113,1,1,0
BRDA:115,2,0,0
BRDA:115,2,1,0
BRDA:148,3,0,0
BRDA:148,3,1,0
BRDA:152,4,0,0
BRDA:152,4,1,0
BRDA:156,5,0,0
BRDA:156,5,1,0
BRDA:169,6,0,0
BRDA:169,6,1,0
BRF:14
BRH:0
end_of_record
TN:
SF:/Users/noah/apps/manyblackdots/src/lib/engine.js
FN:17,loadLevels
FN:24,initializeLevel
FN:35,getRectVertices
FN:44,noop
FN:53,throttle
FN:56,_func
FN:81,(anonymous_6)
FN:94,furthestExtent
FN:95,(anonymous_8)
FN:100,atExtents
FN:101,(anonymous_10)
FN:106,move
FN:109,(anonymous_12)
FN:112,(anonymous_13)
FN:127,(anonymous_14)
FN:134,isJumping
FN:135,(anonymous_16)
FN:139,_detectCollision
FN:174,detectCollision
FN:180,(anonymous_19)
FN:190,(anonymous_20)
FN:195,(anonymous_21)
FN:196,(anonymous_22)
FN:218,pathag
FN:222,sortCollisions
FN:237,filterCollisions
FN:242,handleCollisions
FN:257,(anonymous_27)
FN:293,createFrame
FNF:29
FNH:1
FNDA:0,loadLevels
FNDA:0,initializeLevel
FNDA:0,getRectVertices
FNDA:0,noop
FNDA:1,throttle
FNDA:0,_func
FNDA:0,(anonymous_6)
FNDA:0,furthestExtent
FNDA:0,(anonymous_8)
FNDA:0,atExtents
FNDA:0,(anonymous_10)
FNDA:0,move
FNDA:0,(anonymous_12)
FNDA:0,(anonymous_13)
FNDA:0,(anonymous_14)
FNDA:0,isJumping
FNDA:0,(anonymous_16)
FNDA:0,_detectCollision
FNDA:0,detectCollision
FNDA:0,(anonymous_19)
FNDA:0,(anonymous_20)
FNDA:0,(anonymous_21)
FNDA:0,(anonymous_22)
FNDA:0,pathag
FNDA:0,sortCollisions
FNDA:0,filterCollisions
FNDA:0,handleCollisions
FNDA:0,(anonymous_27)
FNDA:0,createFrame
DA:3,1
DA:4,1
DA:5,1
DA:6,1
DA:7,1
DA:9,1
DA:18,0
DA:19,0
DA:21,0
DA:25,0
DA:30,0
DA:32,0
DA:36,0
DA:54,1
DA:56,1
DA:57,0
DA:58,0
DA:59,0
DA:61,0
DA:62,0
DA:63,0
DA:66,0
DA:67,0
DA:70,0
DA:72,0
DA:73,0
DA:76,0
DA:80,1
DA:82,0
DA:83,0
DA:87,0
DA:95,0
DA:96,0
DA:97,0
DA:101,0
DA:103,0
DA:107,0
DA:109,0
DA:110,0
DA:112,0
DA:113,0
DA:115,0
DA:116,0
DA:117,0
DA:119,0
DA:120,0
DA:123,0
DA:126,0
DA:127,0
DA:128,0
DA:131,0
DA:135,0
DA:136,0
DA:140,0
DA:141,0
DA:142,0
DA:144,0
DA:151,0
DA:152,0
DA:153,0
DA:154,0
DA:155,0
DA:156,0
DA:158,0
DA:163,0
DA:164,0
DA:171,0
DA:175,0
DA:176,0
DA:180,0
DA:181,0
DA:182,0
DA:183,0
DA:184,0
DA:186,0
DA:189,0
DA:190,0
DA:191,0
DA:195,0
DA:196,0
DA:197,0
DA:198,0
DA:201,0
DA:202,0
DA:203,0
DA:205,0
DA:206,0
DA:207,0
DA:210,0
DA:215,0
DA:219,0
DA:223,0
DA:224,0
DA:226,0
DA:227,0
DA:230,0
DA:231,0
DA:234,0
DA:238,0
DA:239,0
DA:243,0
DA:244,0
DA:247,0
DA:248,0
DA:254,0
DA:255,0
DA:257,0
DA:258,0
DA:260,0
DA:261,0
DA:262,0
DA:265,0
DA:266,0
DA:269,0
DA:270,0
DA:273,0
DA:274,0
DA:275,0
DA:276,0
DA:277,0
DA:278,0
DA:279,0
DA:280,0
DA:281,0
DA:282,0
DA:283,0
DA:284,0
DA:285,0
DA:290,0
DA:295,0
LF:130
LH:9
BRDA:53,0,0,0
BRDA:53,1,0,0
BRDA:61,2,0,0
BRDA:61,2,1,0
BRDA:66,3,0,0
BRDA:66,3,1,0
BRDA:72,4,0,0
BRDA:72,4,1,0
BRDA:82,5,0,0
BRDA:82,5,1,0
BRDA:82,6,0,0
BRDA:82,6,1,0
BRDA:95,7,0,0
BRDA:95,7,1,0
BRDA:115,8,0,0
BRDA:115,8,1,0
BRDA:126,9,0,0
BRDA:126,9,1,0
BRDA:152,10,0,0
BRDA:152,10,1,0
BRDA:155,11,0,0
BRDA:155,11,1,0
BRDA:158,12,0,0
BRDA:158,12,1,0
BRDA:158,12,2,0
BRDA:158,12,3,0
BRDA:163,13,0,0
BRDA:163,13,1,0
BRDA:181,14,0,0
BRDA:181,14,1,0
BRDA:181,15,0,0
BRDA:181,15,1,0
BRDA:183,16,0,0
BRDA:183,16,1,0
BRDA:189,17,0,0
BRDA:189,17,1,0
BRDA:197,18,0,0
BRDA:197,18,1,0
BRDA:202,19,0,0
BRDA:202,19,1,0
BRDA:205,20,0,0
BRDA:205,20,1,0
BRDA:226,21,0,0
BRDA:226,21,1,0
BRDA:230,22,0,0
BRDA:230,22,1,0
BRDA:243,23,0,0
BRDA:243,23,1,0
BRDA:243,24,0,0
BRDA:243,24,1,0
BRDA:243,24,2,0
BRDA:260,25,0,0
BRDA:260,25,1,0
BRDA:260,26,0,0
BRDA:260,26,1,0
BRDA:265,27,0,0
BRDA:265,27,1,0
BRDA:269,28,0,0
BRDA:269,28,1,0
BRDA:273,29,0,0
BRDA:273,29,1,0
BRDA:274,30,0,0
BRDA:274,30,1,0
BRDA:274,31,0,0
BRDA:274,31,1,0
BRDA:277,32,0,0
BRDA:277,32,1,0
BRDA:277,33,0,0
BRDA:277,33,1,0
BRDA:280,34,0,0
BRDA:280,34,1,0
BRDA:280,35,0,0
BRDA:280,35,1,0
BRDA:280,35,2,0
BRDA:283,36,0,0
BRDA:283,36,1,0
BRDA:283,37,0,0
BRDA:283,37,1,0
BRF:78
BRH:0
end_of_record
TN:
SF:/Users/noah/apps/manyblackdots/src/lib/screen.js
FN:3,cameraX
FN:4,(anonymous_1)
FN:8,prepareCanvas
FN:10,(anonymous_3)
FN:21,flush
FN:27,_drawRect
FN:28,(anonymous_6)
FN:43,drawVectors
FN:44,(anonymous_8)
FN:45,(anonymous_9)
FN:46,(anonymous_10)
FN:60,drawGhosts
FN:61,(anonymous_12)
FN:62,(anonymous_13)
FN:63,(anonymous_14)
FN:69,drawRects
FN:70,(anonymous_16)
FN:71,(anonymous_17)
FN:74,drawGameOver
FN:75,(anonymous_19)
FN:83,drawGameWon
FN:84,(anonymous_21)
FN:91,draw
FNF:23
FNH:0
FNDA:0,cameraX
FNDA:0,(anonymous_1)
FNDA:0,prepareCanvas
FNDA:0,(anonymous_3)
FNDA:0,flush
FNDA:0,_drawRect
FNDA:0,(anonymous_6)
FNDA:0,drawVectors
FNDA:0,(anonymous_8)
FNDA:0,(anonymous_9)
FNDA:0,(anonymous_10)
FNDA:0,drawGhosts
FNDA:0,(anonymous_12)
FNDA:0,(anonymous_13)
FNDA:0,(anonymous_14)
FNDA:0,drawRects
FNDA:0,(anonymous_16)
FNDA:0,(anonymous_17)
FNDA:0,drawGameOver
FNDA:0,(anonymous_19)
FNDA:0,drawGameWon
FNDA:0,(anonymous_21)
FNDA:0,draw
DA:4,0
DA:5,0
DA:9,0
DA:10,0
DA:12,0
DA:13,0
DA:14,0
DA:15,0
DA:16,0
DA:18,0
DA:22,0
DA:23,0
DA:24,0
DA:28,0
DA:29,0
DA:30,0
DA:31,0
DA:32,0
DA:34,0
DA:36,0
DA:37,0
DA:40,0
DA:44,0
DA:45,0
DA:46,0
DA:47,0
DA:48,0
DA:49,0
DA:50,0
DA:52,0
DA:53,0
DA:54,0
DA:55,0
DA:56,0
DA:61,0
DA:62,0
DA:63,0
DA:64,0
DA:65,0
DA:70,0
DA:71,0
DA:75,0
DA:77,0
DA:78,0
DA:79,0
DA:80,0
DA:84,0
DA:85,0
DA:86,0
DA:87,0
DA:88,0
DA:92,0
DA:94,0
DA:96,0
DA:97,0
DA:100,0
DA:102,0
DA:103,0
DA:106,0
DA:107,0
DA:110,0
DA:111,0
LF:62
LH:0
BRDA:36,0,0,0
BRDA:36,0,1,0
BRDA:36,1,0,0
BRDA:36,1,1,0
BRDA:88,2,0,0
BRDA:88,2,1,0
BRDA:96,3,0,0
BRDA:96,3,1,0
BRDA:102,4,0,0
BRDA:102,4,1,0
BRDA:106,5,0,0
BRDA:106,5,1,0
BRDA:110,6,0,0
BRDA:110,6,1,0
BRF:14
BRH:0
end_of_record
TN:
SF:/Users/noah/apps/manyblackdots/src/lib/loop.js
FN:4,Event
FN:8,(anonymous_1)
FN:12,Reactor
FN:16,(anonymous_3)
FN:21,(anonymous_4)
FN:22,(anonymous_5)
FN:27,(anonymous_6)
FN:31,Loop
FN:48,(anonymous_8)
FN:58,(anonymous_9)
FN:67,(anonymous_10)
FNF:11
FNH:4
FNDA:1,Event
FNDA:0,(anonymous_1)
FNDA:1,Reactor
FNDA:1,(anonymous_3)
FNDA:0,(anonymous_4)
FNDA:0,(anonymous_5)
FNDA:0,(anonymous_6)
FNDA:1,Loop
FNDA:0,(anonymous_8)
FNDA:0,(anonymous_9)
FNDA:0,(anonymous_10)
DA:5,1
DA:6,1
DA:8,1
DA:9,0
DA:13,1
DA:16,1
DA:17,1
DA:18,1
DA:21,1
DA:22,0
DA:23,0
DA:27,1
DA:28,0
DA:32,1
DA:33,0
DA:35,1
DA:36,1
DA:38,1
DA:39,1
DA:40,1
DA:41,1
DA:43,1
DA:44,0
DA:48,1
DA:49,0
DA:50,0
DA:52,0
DA:53,0
DA:54,0
DA:55,0
DA:58,1
DA:59,0
DA:60,0
DA:61,0
DA:63,0
DA:64,0
DA:67,1
DA:68,0
DA:69,0
DA:70,0
DA:71,0
DA:72,0
LF:42
LH:20
BRDA:32,0,0,0
BRDA:32,0,1,1
BRDA:43,1,0,0
BRDA:43,1,1,1
BRDA:49,2,0,0
BRDA:49,2,1,0
BRDA:60,3,0,0
BRDA:60,3,1,0
BRF:8
BRH:2
end_of_record
TN:
SF:/Users/noah/apps/manyblackdots/src/maps/main.js
FNF:0
FNH:0
DA:4,1
DA:29,1
LF:2
LH:2
BRF:0
BRH:0
end_of_record
TN:
SF:/Users/noah/apps/manyblackdots/src/lib/build-tools.js
FN:69,clouds
FNF:1
FNH:1
FNDA:2,clouds
DA:9,1
DA:22,1
DA:31,1
DA:37,1
DA:43,1
DA:50,1
DA:56,1
DA:70,2
DA:72,2
DA:73,200
DA:85,2
LF:11
LH:11
BRDA:69,0,0,0
BRDA:69,1,0,0
BRDA:69,2,0,0
BRDA:69,3,0,0
BRDA:69,4,0,0
BRDA:69,5,0,0
BRF:6
BRH:0
end_of_record
TN:
SF:/Users/noah/apps/manyblackdots/src/utils/string.js
FN:1,strip
FNF:1
FNH:1
FNDA:6,strip
DA:2,6
LF:1
LH:1
BRF:0
BRH:0
end_of_record
TN:
SF:/Users/noah/apps/manyblackdots/src/maps/tests.js
FN:167,stairs
FNF:1
FNH:1
FNDA:1,stairs
DA:4,1
DA:16,1
DA:33,1
DA:51,1
DA:53,1
DA:54,30
DA:57,1
DA:70,1
DA:86,1
DA:102,1
DA:104,1
DA:105,500
DA:110,1
DA:125,1
DA:127,1
DA:128,50
DA:131,1
DA:141,1
DA:152,1
DA:168,1
DA:170,1
DA:171,4
DA:172,4
DA:173,4
DA:174,4
DA:175,4
DA:177,4
DA:178,4
DA:181,1
DA:184,1
DA:202,1
DA:217,1
DA:229,1
DA:243,1
LF:34
LH:34
BRF:0
BRH:0
end_of_record
TN:
SF:/Users/noah/apps/manyblackdots/src/router/index.js
FNF:0
FNH:0
DA:5,1
LF:1
LH:1
BRF:0
BRH:0
end_of_record
TN:
SF:/Users/noah/apps/manyblackdots/src/worker.worker.js
FN:5,requestFrame
FN:14,loadGame
FN:30,(anonymous_2)
FNF:3
FNH:0
FNDA:0,requestFrame
FNDA:0,loadGame
FNDA:0,(anonymous_2)
DA:3,1
DA:6,0
DA:7,0
DA:8,0
DA:9,0
DA:11,0
DA:15,0
DA:26,0
DA:30,1
DA:31,0
DA:33,0
DA:34,0
DA:37,0
DA:42,0
DA:43,0
LF:15
LH:2
BRDA:33,0,0,0
BRDA:33,0,1,0
BRF:2
BRH:0
end_of_record
